2025-08-08T14:11:38.790+05:30  INFO 17292 --- [quizapp] [restartedMain] com.example.QuizappApplication           : Starting QuizappApplication using Java 21.0.7 with PID 17292 (C:\Users\ajaym\Documents\workspace-spring-tools-for-eclipse-4.31.0.RELEASE\quizapp\target\classes started by ajaym in C:\Users\ajaym\Documents\workspace-spring-tools-for-eclipse-4.31.0.RELEASE\quizapp)
2025-08-08T14:11:38.792+05:30  INFO 17292 --- [quizapp] [restartedMain] com.example.QuizappApplication           : No active profile set, falling back to 1 default profile: "default"
2025-08-08T14:11:38.855+05:30  INFO 17292 --- [quizapp] [restartedMain] .e.DevToolsPropertyDefaultsPostProcessor : Devtools property defaults active! Set 'spring.devtools.add-properties' to 'false' to disable
2025-08-08T14:11:38.856+05:30  INFO 17292 --- [quizapp] [restartedMain] .e.DevToolsPropertyDefaultsPostProcessor : For additional web related logging consider setting the 'logging.level.web' property to 'DEBUG'
2025-08-08T14:11:39.690+05:30  INFO 17292 --- [quizapp] [restartedMain] .s.d.r.c.RepositoryConfigurationDelegate : Bootstrapping Spring Data JPA repositories in DEFAULT mode.
2025-08-08T14:11:39.769+05:30  INFO 17292 --- [quizapp] [restartedMain] .s.d.r.c.RepositoryConfigurationDelegate : Finished Spring Data repository scanning in 65 ms. Found 1 JPA repository interface.
2025-08-08T14:11:40.612+05:30  INFO 17292 --- [quizapp] [restartedMain] o.s.b.w.embedded.tomcat.TomcatWebServer  : Tomcat initialized with port 8080 (http)
2025-08-08T14:11:40.632+05:30  INFO 17292 --- [quizapp] [restartedMain] o.apache.catalina.core.StandardService   : Starting service [Tomcat]
2025-08-08T14:11:40.632+05:30  INFO 17292 --- [quizapp] [restartedMain] o.apache.catalina.core.StandardEngine    : Starting Servlet engine: [Apache Tomcat/10.1.43]
2025-08-08T14:11:40.694+05:30  INFO 17292 --- [quizapp] [restartedMain] o.a.c.c.C.[Tomcat].[localhost].[/]       : Initializing Spring embedded WebApplicationContext
2025-08-08T14:11:40.695+05:30  INFO 17292 --- [quizapp] [restartedMain] w.s.c.ServletWebServerApplicationContext : Root WebApplicationContext: initialization completed in 1837 ms
2025-08-08T14:11:40.974+05:30  INFO 17292 --- [quizapp] [restartedMain] o.hibernate.jpa.internal.util.LogHelper  : HHH000204: Processing PersistenceUnitInfo [name: default]
2025-08-08T14:11:41.052+05:30  INFO 17292 --- [quizapp] [restartedMain] org.hibernate.Version                    : HHH000412: Hibernate ORM core version 6.6.22.Final
2025-08-08T14:11:41.095+05:30  INFO 17292 --- [quizapp] [restartedMain] o.h.c.internal.RegionFactoryInitiator    : HHH000026: Second-level cache disabled
2025-08-08T14:11:41.450+05:30  INFO 17292 --- [quizapp] [restartedMain] o.s.o.j.p.SpringPersistenceUnitInfo      : No LoadTimeWeaver setup: ignoring JPA class transformer
2025-08-08T14:11:41.496+05:30  INFO 17292 --- [quizapp] [restartedMain] com.zaxxer.hikari.HikariDataSource       : HikariPool-1 - Starting...
2025-08-08T14:11:41.728+05:30  INFO 17292 --- [quizapp] [restartedMain] com.zaxxer.hikari.pool.HikariPool        : HikariPool-1 - Added connection conn0: url=jdbc:h2:mem:testdb user=SA
2025-08-08T14:11:41.731+05:30  INFO 17292 --- [quizapp] [restartedMain] com.zaxxer.hikari.HikariDataSource       : HikariPool-1 - Start completed.
2025-08-08T14:11:41.817+05:30  INFO 17292 --- [quizapp] [restartedMain] org.hibernate.orm.connections.pooling    : HHH10001005: Database info:
	Database JDBC URL [Connecting through datasource 'HikariDataSource (HikariPool-1)']
	Database driver: undefined/unknown
	Database version: 2.3.232
	Autocommit mode: undefined/unknown
	Isolation level: undefined/unknown
	Minimum pool size: undefined/unknown
	Maximum pool size: undefined/unknown
2025-08-08T14:11:42.739+05:30  INFO 17292 --- [quizapp] [restartedMain] o.h.e.t.j.p.i.JtaPlatformInitiator       : HHH000489: No JTA platform available (set 'hibernate.transaction.jta.platform' to enable JTA platform integration)
2025-08-08T14:11:42.817+05:30  INFO 17292 --- [quizapp] [restartedMain] j.LocalContainerEntityManagerFactoryBean : Initialized JPA EntityManagerFactory for persistence unit 'default'
2025-08-08T14:11:43.789+05:30  INFO 17292 --- [quizapp] [restartedMain] o.s.b.a.h2.H2ConsoleAutoConfiguration    : H2 console available at '/h2-console'. Database available at 'jdbc:h2:mem:testdb'
2025-08-08T14:11:43.925+05:30  INFO 17292 --- [quizapp] [restartedMain] o.s.b.d.a.OptionalLiveReloadServer       : LiveReload server is running on port 35729
2025-08-08T14:11:43.982+05:30  INFO 17292 --- [quizapp] [restartedMain] o.s.b.w.embedded.tomcat.TomcatWebServer  : Tomcat started on port 8080 (http) with context path '/'
2025-08-08T14:11:43.991+05:30  INFO 17292 --- [quizapp] [restartedMain] com.example.QuizappApplication           : Started QuizappApplication in 5.754 seconds (process running for 6.624)
2025-08-08T14:11:52.715+05:30  INFO 17292 --- [quizapp] [RMI TCP Connection(2)-127.0.0.1] inMXBeanRegistrar$SpringApplicationAdmin : Application shutdown requested.
2025-08-08T14:11:52.718+05:30  INFO 17292 --- [quizapp] [RMI TCP Connection(2)-127.0.0.1] o.s.b.w.e.tomcat.GracefulShutdown        : Commencing graceful shutdown. Waiting for active requests to complete
2025-08-08T14:11:52.730+05:30  INFO 17292 --- [quizapp] [tomcat-shutdown] o.s.b.w.e.tomcat.GracefulShutdown        : Graceful shutdown complete
2025-08-08T14:11:52.735+05:30  INFO 17292 --- [quizapp] [RMI TCP Connection(2)-127.0.0.1] j.LocalContainerEntityManagerFactoryBean : Closing JPA EntityManagerFactory for persistence unit 'default'
2025-08-08T14:11:52.741+05:30  WARN 17292 --- [quizapp] [RMI TCP Connection(2)-127.0.0.1] o.s.b.f.support.DisposableBeanAdapter    : Invocation of destroy method failed on bean with name 'inMemoryDatabaseShutdownExecutor': org.h2.jdbc.JdbcSQLNonTransientConnectionException: Database is already closed (to disable automatic closing at VM shutdown, add ";DB_CLOSE_ON_EXIT=FALSE" to the db URL) [90121-232]
2025-08-08T14:11:52.742+05:30  INFO 17292 --- [quizapp] [RMI TCP Connection(2)-127.0.0.1] com.zaxxer.hikari.HikariDataSource       : HikariPool-1 - Shutdown initiated...
2025-08-08T14:11:52.744+05:30  INFO 17292 --- [quizapp] [RMI TCP Connection(2)-127.0.0.1] com.zaxxer.hikari.HikariDataSource       : HikariPool-1 - Shutdown completed.
2025-08-08T14:12:09.178+05:30  INFO 25236 --- [quizapp] [restartedMain] com.example.QuizappApplication           : Starting QuizappApplication using Java 21.0.7 with PID 25236 (C:\Users\ajaym\Documents\workspace-spring-tools-for-eclipse-4.31.0.RELEASE\quizapp\target\classes started by ajaym in C:\Users\ajaym\Documents\workspace-spring-tools-for-eclipse-4.31.0.RELEASE\quizapp)
2025-08-08T14:12:09.181+05:30  INFO 25236 --- [quizapp] [restartedMain] com.example.QuizappApplication           : No active profile set, falling back to 1 default profile: "default"
2025-08-08T14:12:09.242+05:30  INFO 25236 --- [quizapp] [restartedMain] .e.DevToolsPropertyDefaultsPostProcessor : Devtools property defaults active! Set 'spring.devtools.add-properties' to 'false' to disable
2025-08-08T14:12:09.243+05:30  INFO 25236 --- [quizapp] [restartedMain] .e.DevToolsPropertyDefaultsPostProcessor : For additional web related logging consider setting the 'logging.level.web' property to 'DEBUG'
2025-08-08T14:12:10.137+05:30  INFO 25236 --- [quizapp] [restartedMain] .s.d.r.c.RepositoryConfigurationDelegate : Bootstrapping Spring Data JPA repositories in DEFAULT mode.
2025-08-08T14:12:10.224+05:30  INFO 25236 --- [quizapp] [restartedMain] .s.d.r.c.RepositoryConfigurationDelegate : Finished Spring Data repository scanning in 62 ms. Found 1 JPA repository interface.
2025-08-08T14:12:11.050+05:30  INFO 25236 --- [quizapp] [restartedMain] o.s.b.w.embedded.tomcat.TomcatWebServer  : Tomcat initialized with port 8080 (http)
2025-08-08T14:12:11.068+05:30  INFO 25236 --- [quizapp] [restartedMain] o.apache.catalina.core.StandardService   : Starting service [Tomcat]
2025-08-08T14:12:11.068+05:30  INFO 25236 --- [quizapp] [restartedMain] o.apache.catalina.core.StandardEngine    : Starting Servlet engine: [Apache Tomcat/10.1.43]
2025-08-08T14:12:11.128+05:30  INFO 25236 --- [quizapp] [restartedMain] o.a.c.c.C.[Tomcat].[localhost].[/]       : Initializing Spring embedded WebApplicationContext
2025-08-08T14:12:11.129+05:30  INFO 25236 --- [quizapp] [restartedMain] w.s.c.ServletWebServerApplicationContext : Root WebApplicationContext: initialization completed in 1885 ms
2025-08-08T14:12:11.417+05:30  INFO 25236 --- [quizapp] [restartedMain] o.hibernate.jpa.internal.util.LogHelper  : HHH000204: Processing PersistenceUnitInfo [name: default]
2025-08-08T14:12:11.475+05:30  INFO 25236 --- [quizapp] [restartedMain] org.hibernate.Version                    : HHH000412: Hibernate ORM core version 6.6.22.Final
2025-08-08T14:12:11.512+05:30  INFO 25236 --- [quizapp] [restartedMain] o.h.c.internal.RegionFactoryInitiator    : HHH000026: Second-level cache disabled
2025-08-08T14:12:11.879+05:30  INFO 25236 --- [quizapp] [restartedMain] o.s.o.j.p.SpringPersistenceUnitInfo      : No LoadTimeWeaver setup: ignoring JPA class transformer
2025-08-08T14:12:11.924+05:30  INFO 25236 --- [quizapp] [restartedMain] com.zaxxer.hikari.HikariDataSource       : HikariPool-1 - Starting...
2025-08-08T14:12:12.145+05:30  INFO 25236 --- [quizapp] [restartedMain] com.zaxxer.hikari.pool.HikariPool        : HikariPool-1 - Added connection conn0: url=jdbc:h2:mem:testdb user=SA
2025-08-08T14:12:12.149+05:30  INFO 25236 --- [quizapp] [restartedMain] com.zaxxer.hikari.HikariDataSource       : HikariPool-1 - Start completed.
2025-08-08T14:12:12.233+05:30  INFO 25236 --- [quizapp] [restartedMain] org.hibernate.orm.connections.pooling    : HHH10001005: Database info:
	Database JDBC URL [Connecting through datasource 'HikariDataSource (HikariPool-1)']
	Database driver: undefined/unknown
	Database version: 2.3.232
	Autocommit mode: undefined/unknown
	Isolation level: undefined/unknown
	Minimum pool size: undefined/unknown
	Maximum pool size: undefined/unknown
2025-08-08T14:12:13.459+05:30  INFO 25236 --- [quizapp] [restartedMain] o.h.e.t.j.p.i.JtaPlatformInitiator       : HHH000489: No JTA platform available (set 'hibernate.transaction.jta.platform' to enable JTA platform integration)
2025-08-08T14:12:13.546+05:30  INFO 25236 --- [quizapp] [restartedMain] j.LocalContainerEntityManagerFactoryBean : Initialized JPA EntityManagerFactory for persistence unit 'default'
2025-08-08T14:12:14.707+05:30  INFO 25236 --- [quizapp] [restartedMain] o.s.b.a.h2.H2ConsoleAutoConfiguration    : H2 console available at '/h2-console'. Database available at 'jdbc:h2:mem:testdb'
2025-08-08T14:12:14.866+05:30  INFO 25236 --- [quizapp] [restartedMain] o.s.b.d.a.OptionalLiveReloadServer       : LiveReload server is running on port 35729
2025-08-08T14:12:14.918+05:30  INFO 25236 --- [quizapp] [restartedMain] o.s.b.w.embedded.tomcat.TomcatWebServer  : Tomcat started on port 8080 (http) with context path '/'
2025-08-08T14:12:14.928+05:30  INFO 25236 --- [quizapp] [restartedMain] com.example.QuizappApplication           : Started QuizappApplication in 6.274 seconds (process running for 7.109)
2025-08-08T14:14:37.514+05:30  INFO 25236 --- [quizapp] [File Watcher] rtingClassPathChangeChangedEventListener : Restarting due to 1 class path change (1 addition, 0 deletions, 0 modifications)
2025-08-08T14:14:37.521+05:30  INFO 25236 --- [quizapp] [Thread-5] o.s.b.w.e.tomcat.GracefulShutdown        : Commencing graceful shutdown. Waiting for active requests to complete
2025-08-08T14:14:37.537+05:30  INFO 25236 --- [quizapp] [tomcat-shutdown] o.s.b.w.e.tomcat.GracefulShutdown        : Graceful shutdown complete
2025-08-08T14:14:37.544+05:30  INFO 25236 --- [quizapp] [Thread-5] j.LocalContainerEntityManagerFactoryBean : Closing JPA EntityManagerFactory for persistence unit 'default'
2025-08-08T14:14:37.556+05:30  WARN 25236 --- [quizapp] [Thread-5] o.s.b.f.support.DisposableBeanAdapter    : Invocation of destroy method failed on bean with name 'inMemoryDatabaseShutdownExecutor': org.h2.jdbc.JdbcSQLNonTransientConnectionException: Database is already closed (to disable automatic closing at VM shutdown, add ";DB_CLOSE_ON_EXIT=FALSE" to the db URL) [90121-232]
2025-08-08T14:14:37.557+05:30  INFO 25236 --- [quizapp] [Thread-5] com.zaxxer.hikari.HikariDataSource       : HikariPool-1 - Shutdown initiated...
2025-08-08T14:14:37.559+05:30  INFO 25236 --- [quizapp] [Thread-5] com.zaxxer.hikari.HikariDataSource       : HikariPool-1 - Shutdown completed.
2025-08-08T14:14:37.699+05:30  INFO 25236 --- [quizapp] [restartedMain] com.example.QuizappApplication           : Starting QuizappApplication using Java 21.0.7 with PID 25236 (C:\Users\ajaym\Documents\workspace-spring-tools-for-eclipse-4.31.0.RELEASE\quizapp\target\classes started by ajaym in C:\Users\ajaym\Documents\workspace-spring-tools-for-eclipse-4.31.0.RELEASE\quizapp)
2025-08-08T14:14:37.699+05:30  INFO 25236 --- [quizapp] [restartedMain] com.example.QuizappApplication           : No active profile set, falling back to 1 default profile: "default"
2025-08-08T14:14:37.972+05:30  INFO 25236 --- [quizapp] [restartedMain] .s.d.r.c.RepositoryConfigurationDelegate : Bootstrapping Spring Data JPA repositories in DEFAULT mode.
2025-08-08T14:14:37.989+05:30  INFO 25236 --- [quizapp] [restartedMain] .s.d.r.c.RepositoryConfigurationDelegate : Finished Spring Data repository scanning in 16 ms. Found 1 JPA repository interface.
2025-08-08T14:14:38.147+05:30  INFO 25236 --- [quizapp] [restartedMain] o.s.b.w.embedded.tomcat.TomcatWebServer  : Tomcat initialized with port 8080 (http)
2025-08-08T14:14:38.149+05:30  INFO 25236 --- [quizapp] [restartedMain] o.apache.catalina.core.StandardService   : Starting service [Tomcat]
2025-08-08T14:14:38.149+05:30  INFO 25236 --- [quizapp] [restartedMain] o.apache.catalina.core.StandardEngine    : Starting Servlet engine: [Apache Tomcat/10.1.43]
2025-08-08T14:14:38.173+05:30  INFO 25236 --- [quizapp] [restartedMain] o.a.c.c.C.[Tomcat].[localhost].[/]       : Initializing Spring embedded WebApplicationContext
2025-08-08T14:14:38.173+05:30  INFO 25236 --- [quizapp] [restartedMain] w.s.c.ServletWebServerApplicationContext : Root WebApplicationContext: initialization completed in 470 ms
2025-08-08T14:14:38.254+05:30  INFO 25236 --- [quizapp] [restartedMain] o.hibernate.jpa.internal.util.LogHelper  : HHH000204: Processing PersistenceUnitInfo [name: default]
2025-08-08T14:14:38.258+05:30  INFO 25236 --- [quizapp] [restartedMain] o.h.c.internal.RegionFactoryInitiator    : HHH000026: Second-level cache disabled
2025-08-08T14:14:38.268+05:30  INFO 25236 --- [quizapp] [restartedMain] o.s.o.j.p.SpringPersistenceUnitInfo      : No LoadTimeWeaver setup: ignoring JPA class transformer
2025-08-08T14:14:38.270+05:30  INFO 25236 --- [quizapp] [restartedMain] com.zaxxer.hikari.HikariDataSource       : HikariPool-2 - Starting...
2025-08-08T14:14:38.273+05:30  INFO 25236 --- [quizapp] [restartedMain] com.zaxxer.hikari.pool.HikariPool        : HikariPool-2 - Added connection conn10: url=jdbc:h2:mem:testdb user=SA
2025-08-08T14:14:38.274+05:30  INFO 25236 --- [quizapp] [restartedMain] com.zaxxer.hikari.HikariDataSource       : HikariPool-2 - Start completed.
2025-08-08T14:14:38.275+05:30  INFO 25236 --- [quizapp] [restartedMain] org.hibernate.orm.connections.pooling    : HHH10001005: Database info:
	Database JDBC URL [Connecting through datasource 'HikariDataSource (HikariPool-2)']
	Database driver: undefined/unknown
	Database version: 2.3.232
	Autocommit mode: undefined/unknown
	Isolation level: undefined/unknown
	Minimum pool size: undefined/unknown
	Maximum pool size: undefined/unknown
2025-08-08T14:14:38.328+05:30  INFO 25236 --- [quizapp] [restartedMain] o.h.e.t.j.p.i.JtaPlatformInitiator       : HHH000489: No JTA platform available (set 'hibernate.transaction.jta.platform' to enable JTA platform integration)
2025-08-08T14:14:38.332+05:30  INFO 25236 --- [quizapp] [restartedMain] j.LocalContainerEntityManagerFactoryBean : Initialized JPA EntityManagerFactory for persistence unit 'default'
2025-08-08T14:14:38.742+05:30  INFO 25236 --- [quizapp] [restartedMain] o.s.b.a.h2.H2ConsoleAutoConfiguration    : H2 console available at '/h2-console'. Database available at 'jdbc:h2:mem:testdb'
2025-08-08T14:14:38.827+05:30  INFO 25236 --- [quizapp] [restartedMain] o.s.b.d.a.OptionalLiveReloadServer       : LiveReload server is running on port 35729
2025-08-08T14:14:38.842+05:30  INFO 25236 --- [quizapp] [restartedMain] o.s.b.w.embedded.tomcat.TomcatWebServer  : Tomcat started on port 8080 (http) with context path '/'
2025-08-08T14:14:38.847+05:30  INFO 25236 --- [quizapp] [restartedMain] com.example.QuizappApplication           : Started QuizappApplication in 1.217 seconds (process running for 151.028)
2025-08-08T14:14:38.849+05:30  INFO 25236 --- [quizapp] [restartedMain] .ConditionEvaluationDeltaLoggingListener : Condition evaluation unchanged
2025-08-08T14:14:57.804+05:30  INFO 25236 --- [quizapp] [File Watcher] rtingClassPathChangeChangedEventListener : Restarting due to 1 class path change (0 additions, 0 deletions, 1 modification)
2025-08-08T14:14:57.809+05:30  INFO 25236 --- [quizapp] [Thread-7] o.s.b.w.e.tomcat.GracefulShutdown        : Commencing graceful shutdown. Waiting for active requests to complete
2025-08-08T14:14:57.821+05:30  INFO 25236 --- [quizapp] [tomcat-shutdown] o.s.b.w.e.tomcat.GracefulShutdown        : Graceful shutdown complete
2025-08-08T14:14:57.825+05:30  INFO 25236 --- [quizapp] [Thread-7] j.LocalContainerEntityManagerFactoryBean : Closing JPA EntityManagerFactory for persistence unit 'default'
2025-08-08T14:14:57.828+05:30  WARN 25236 --- [quizapp] [Thread-7] o.s.b.f.support.DisposableBeanAdapter    : Invocation of destroy method failed on bean with name 'inMemoryDatabaseShutdownExecutor': org.h2.jdbc.JdbcSQLNonTransientConnectionException: Database is already closed (to disable automatic closing at VM shutdown, add ";DB_CLOSE_ON_EXIT=FALSE" to the db URL) [90121-232]
2025-08-08T14:14:57.829+05:30  INFO 25236 --- [quizapp] [Thread-7] com.zaxxer.hikari.HikariDataSource       : HikariPool-2 - Shutdown initiated...
2025-08-08T14:14:57.831+05:30  INFO 25236 --- [quizapp] [Thread-7] com.zaxxer.hikari.HikariDataSource       : HikariPool-2 - Shutdown completed.
2025-08-08T14:14:57.936+05:30  INFO 25236 --- [quizapp] [restartedMain] com.example.QuizappApplication           : Starting QuizappApplication using Java 21.0.7 with PID 25236 (C:\Users\ajaym\Documents\workspace-spring-tools-for-eclipse-4.31.0.RELEASE\quizapp\target\classes started by ajaym in C:\Users\ajaym\Documents\workspace-spring-tools-for-eclipse-4.31.0.RELEASE\quizapp)
2025-08-08T14:14:57.936+05:30  INFO 25236 --- [quizapp] [restartedMain] com.example.QuizappApplication           : No active profile set, falling back to 1 default profile: "default"
2025-08-08T14:14:58.200+05:30  INFO 25236 --- [quizapp] [restartedMain] .s.d.r.c.RepositoryConfigurationDelegate : Bootstrapping Spring Data JPA repositories in DEFAULT mode.
2025-08-08T14:14:58.218+05:30  INFO 25236 --- [quizapp] [restartedMain] .s.d.r.c.RepositoryConfigurationDelegate : Finished Spring Data repository scanning in 15 ms. Found 1 JPA repository interface.
2025-08-08T14:14:58.388+05:30  INFO 25236 --- [quizapp] [restartedMain] o.s.b.w.embedded.tomcat.TomcatWebServer  : Tomcat initialized with port 8080 (http)
2025-08-08T14:14:58.388+05:30  INFO 25236 --- [quizapp] [restartedMain] o.apache.catalina.core.StandardService   : Starting service [Tomcat]
2025-08-08T14:14:58.388+05:30  INFO 25236 --- [quizapp] [restartedMain] o.apache.catalina.core.StandardEngine    : Starting Servlet engine: [Apache Tomcat/10.1.43]
2025-08-08T14:14:58.417+05:30  INFO 25236 --- [quizapp] [restartedMain] o.a.c.c.C.[Tomcat].[localhost].[/]       : Initializing Spring embedded WebApplicationContext
2025-08-08T14:14:58.417+05:30  INFO 25236 --- [quizapp] [restartedMain] w.s.c.ServletWebServerApplicationContext : Root WebApplicationContext: initialization completed in 479 ms
2025-08-08T14:14:58.520+05:30  INFO 25236 --- [quizapp] [restartedMain] o.hibernate.jpa.internal.util.LogHelper  : HHH000204: Processing PersistenceUnitInfo [name: default]
2025-08-08T14:14:58.526+05:30  INFO 25236 --- [quizapp] [restartedMain] o.h.c.internal.RegionFactoryInitiator    : HHH000026: Second-level cache disabled
2025-08-08T14:14:58.538+05:30  INFO 25236 --- [quizapp] [restartedMain] o.s.o.j.p.SpringPersistenceUnitInfo      : No LoadTimeWeaver setup: ignoring JPA class transformer
2025-08-08T14:14:58.539+05:30  INFO 25236 --- [quizapp] [restartedMain] com.zaxxer.hikari.HikariDataSource       : HikariPool-3 - Starting...
2025-08-08T14:14:58.543+05:30  INFO 25236 --- [quizapp] [restartedMain] com.zaxxer.hikari.pool.HikariPool        : HikariPool-3 - Added connection conn20: url=jdbc:h2:mem:testdb user=SA
2025-08-08T14:14:58.544+05:30  INFO 25236 --- [quizapp] [restartedMain] com.zaxxer.hikari.HikariDataSource       : HikariPool-3 - Start completed.
2025-08-08T14:14:58.546+05:30  INFO 25236 --- [quizapp] [restartedMain] org.hibernate.orm.connections.pooling    : HHH10001005: Database info:
	Database JDBC URL [Connecting through datasource 'HikariDataSource (HikariPool-3)']
	Database driver: undefined/unknown
	Database version: 2.3.232
	Autocommit mode: undefined/unknown
	Isolation level: undefined/unknown
	Minimum pool size: undefined/unknown
	Maximum pool size: undefined/unknown
2025-08-08T14:14:58.598+05:30  INFO 25236 --- [quizapp] [restartedMain] o.h.e.t.j.p.i.JtaPlatformInitiator       : HHH000489: No JTA platform available (set 'hibernate.transaction.jta.platform' to enable JTA platform integration)
2025-08-08T14:14:58.602+05:30  INFO 25236 --- [quizapp] [restartedMain] j.LocalContainerEntityManagerFactoryBean : Initialized JPA EntityManagerFactory for persistence unit 'default'
2025-08-08T14:14:59.088+05:30  INFO 25236 --- [quizapp] [restartedMain] o.s.b.a.h2.H2ConsoleAutoConfiguration    : H2 console available at '/h2-console'. Database available at 'jdbc:h2:mem:testdb'
2025-08-08T14:14:59.165+05:30  INFO 25236 --- [quizapp] [restartedMain] o.s.b.d.a.OptionalLiveReloadServer       : LiveReload server is running on port 35729
2025-08-08T14:14:59.181+05:30  INFO 25236 --- [quizapp] [restartedMain] o.s.b.w.embedded.tomcat.TomcatWebServer  : Tomcat started on port 8080 (http) with context path '/'
2025-08-08T14:14:59.184+05:30  INFO 25236 --- [quizapp] [restartedMain] com.example.QuizappApplication           : Started QuizappApplication in 1.285 seconds (process running for 171.365)
2025-08-08T14:14:59.186+05:30  INFO 25236 --- [quizapp] [restartedMain] .ConditionEvaluationDeltaLoggingListener : Condition evaluation unchanged
2025-08-08T14:15:05.313+05:30  INFO 25236 --- [quizapp] [RMI TCP Connection(2)-127.0.0.1] inMXBeanRegistrar$SpringApplicationAdmin : Application shutdown requested.
2025-08-08T14:15:05.315+05:30  INFO 25236 --- [quizapp] [RMI TCP Connection(2)-127.0.0.1] o.s.b.w.e.tomcat.GracefulShutdown        : Commencing graceful shutdown. Waiting for active requests to complete
2025-08-08T14:15:05.321+05:30  INFO 25236 --- [quizapp] [tomcat-shutdown] o.s.b.w.e.tomcat.GracefulShutdown        : Graceful shutdown complete
2025-08-08T14:15:05.324+05:30  INFO 25236 --- [quizapp] [RMI TCP Connection(2)-127.0.0.1] j.LocalContainerEntityManagerFactoryBean : Closing JPA EntityManagerFactory for persistence unit 'default'
2025-08-08T14:15:05.326+05:30  WARN 25236 --- [quizapp] [RMI TCP Connection(2)-127.0.0.1] o.s.b.f.support.DisposableBeanAdapter    : Invocation of destroy method failed on bean with name 'inMemoryDatabaseShutdownExecutor': org.h2.jdbc.JdbcSQLNonTransientConnectionException: Database is already closed (to disable automatic closing at VM shutdown, add ";DB_CLOSE_ON_EXIT=FALSE" to the db URL) [90121-232]
2025-08-08T14:15:05.326+05:30  INFO 25236 --- [quizapp] [RMI TCP Connection(2)-127.0.0.1] com.zaxxer.hikari.HikariDataSource       : HikariPool-3 - Shutdown initiated...
2025-08-08T14:15:05.328+05:30  INFO 25236 --- [quizapp] [RMI TCP Connection(2)-127.0.0.1] com.zaxxer.hikari.HikariDataSource       : HikariPool-3 - Shutdown completed.
2025-08-08T14:15:13.241+05:30  INFO 21804 --- [quizapp] [restartedMain] com.example.QuizappApplication           : Starting QuizappApplication using Java 21.0.7 with PID 21804 (C:\Users\ajaym\Documents\workspace-spring-tools-for-eclipse-4.31.0.RELEASE\quizapp\target\classes started by ajaym in C:\Users\ajaym\Documents\workspace-spring-tools-for-eclipse-4.31.0.RELEASE\quizapp)
2025-08-08T14:15:13.244+05:30  INFO 21804 --- [quizapp] [restartedMain] com.example.QuizappApplication           : No active profile set, falling back to 1 default profile: "default"
2025-08-08T14:15:13.302+05:30  INFO 21804 --- [quizapp] [restartedMain] .e.DevToolsPropertyDefaultsPostProcessor : Devtools property defaults active! Set 'spring.devtools.add-properties' to 'false' to disable
2025-08-08T14:15:13.303+05:30  INFO 21804 --- [quizapp] [restartedMain] .e.DevToolsPropertyDefaultsPostProcessor : For additional web related logging consider setting the 'logging.level.web' property to 'DEBUG'
2025-08-08T14:15:14.072+05:30  INFO 21804 --- [quizapp] [restartedMain] .s.d.r.c.RepositoryConfigurationDelegate : Bootstrapping Spring Data JPA repositories in DEFAULT mode.
2025-08-08T14:15:14.150+05:30  INFO 21804 --- [quizapp] [restartedMain] .s.d.r.c.RepositoryConfigurationDelegate : Finished Spring Data repository scanning in 66 ms. Found 1 JPA repository interface.
2025-08-08T14:15:14.914+05:30  INFO 21804 --- [quizapp] [restartedMain] o.s.b.w.embedded.tomcat.TomcatWebServer  : Tomcat initialized with port 8080 (http)
2025-08-08T14:15:14.935+05:30  INFO 21804 --- [quizapp] [restartedMain] o.apache.catalina.core.StandardService   : Starting service [Tomcat]
2025-08-08T14:15:14.936+05:30  INFO 21804 --- [quizapp] [restartedMain] o.apache.catalina.core.StandardEngine    : Starting Servlet engine: [Apache Tomcat/10.1.43]
2025-08-08T14:15:14.997+05:30  INFO 21804 --- [quizapp] [restartedMain] o.a.c.c.C.[Tomcat].[localhost].[/]       : Initializing Spring embedded WebApplicationContext
2025-08-08T14:15:14.998+05:30  INFO 21804 --- [quizapp] [restartedMain] w.s.c.ServletWebServerApplicationContext : Root WebApplicationContext: initialization completed in 1694 ms
2025-08-08T14:15:15.234+05:30  INFO 21804 --- [quizapp] [restartedMain] o.hibernate.jpa.internal.util.LogHelper  : HHH000204: Processing PersistenceUnitInfo [name: default]
2025-08-08T14:15:15.298+05:30  INFO 21804 --- [quizapp] [restartedMain] org.hibernate.Version                    : HHH000412: Hibernate ORM core version 6.6.22.Final
2025-08-08T14:15:15.338+05:30  INFO 21804 --- [quizapp] [restartedMain] o.h.c.internal.RegionFactoryInitiator    : HHH000026: Second-level cache disabled
2025-08-08T14:15:15.658+05:30  INFO 21804 --- [quizapp] [restartedMain] o.s.o.j.p.SpringPersistenceUnitInfo      : No LoadTimeWeaver setup: ignoring JPA class transformer
2025-08-08T14:15:15.698+05:30  INFO 21804 --- [quizapp] [restartedMain] com.zaxxer.hikari.HikariDataSource       : HikariPool-1 - Starting...
2025-08-08T14:15:15.912+05:30  INFO 21804 --- [quizapp] [restartedMain] com.zaxxer.hikari.pool.HikariPool        : HikariPool-1 - Added connection conn0: url=jdbc:h2:mem:testdb user=SA
2025-08-08T14:15:15.915+05:30  INFO 21804 --- [quizapp] [restartedMain] com.zaxxer.hikari.HikariDataSource       : HikariPool-1 - Start completed.
2025-08-08T14:15:15.995+05:30  INFO 21804 --- [quizapp] [restartedMain] org.hibernate.orm.connections.pooling    : HHH10001005: Database info:
	Database JDBC URL [Connecting through datasource 'HikariDataSource (HikariPool-1)']
	Database driver: undefined/unknown
	Database version: 2.3.232
	Autocommit mode: undefined/unknown
	Isolation level: undefined/unknown
	Minimum pool size: undefined/unknown
	Maximum pool size: undefined/unknown
2025-08-08T14:15:16.990+05:30  INFO 21804 --- [quizapp] [restartedMain] o.h.e.t.j.p.i.JtaPlatformInitiator       : HHH000489: No JTA platform available (set 'hibernate.transaction.jta.platform' to enable JTA platform integration)
2025-08-08T14:15:17.082+05:30  INFO 21804 --- [quizapp] [restartedMain] j.LocalContainerEntityManagerFactoryBean : Initialized JPA EntityManagerFactory for persistence unit 'default'
2025-08-08T14:15:18.134+05:30  INFO 21804 --- [quizapp] [restartedMain] o.s.b.a.h2.H2ConsoleAutoConfiguration    : H2 console available at '/h2-console'. Database available at 'jdbc:h2:mem:testdb'
2025-08-08T14:15:18.284+05:30  INFO 21804 --- [quizapp] [restartedMain] o.s.b.d.a.OptionalLiveReloadServer       : LiveReload server is running on port 35729
2025-08-08T14:15:18.334+05:30  INFO 21804 --- [quizapp] [restartedMain] o.s.b.w.embedded.tomcat.TomcatWebServer  : Tomcat started on port 8080 (http) with context path '/'
2025-08-08T14:15:18.346+05:30  INFO 21804 --- [quizapp] [restartedMain] com.example.QuizappApplication           : Started QuizappApplication in 5.629 seconds (process running for 6.409)
2025-08-08T14:16:06.094+05:30  INFO 21804 --- [quizapp] [File Watcher] rtingClassPathChangeChangedEventListener : Restarting due to 16 class path changes (0 additions, 16 deletions, 0 modifications)
2025-08-08T14:16:06.102+05:30  INFO 21804 --- [quizapp] [Thread-5] o.s.b.w.e.tomcat.GracefulShutdown        : Commencing graceful shutdown. Waiting for active requests to complete
2025-08-08T14:16:06.117+05:30  INFO 21804 --- [quizapp] [tomcat-shutdown] o.s.b.w.e.tomcat.GracefulShutdown        : Graceful shutdown complete
2025-08-08T14:16:06.125+05:30  INFO 21804 --- [quizapp] [Thread-5] j.LocalContainerEntityManagerFactoryBean : Closing JPA EntityManagerFactory for persistence unit 'default'
2025-08-08T14:16:06.135+05:30  WARN 21804 --- [quizapp] [Thread-5] o.s.b.f.support.DisposableBeanAdapter    : Invocation of destroy method failed on bean with name 'inMemoryDatabaseShutdownExecutor': org.h2.jdbc.JdbcSQLNonTransientConnectionException: Database is already closed (to disable automatic closing at VM shutdown, add ";DB_CLOSE_ON_EXIT=FALSE" to the db URL) [90121-232]
2025-08-08T14:16:06.136+05:30  INFO 21804 --- [quizapp] [Thread-5] com.zaxxer.hikari.HikariDataSource       : HikariPool-1 - Shutdown initiated...
2025-08-08T14:16:06.140+05:30  INFO 21804 --- [quizapp] [Thread-5] com.zaxxer.hikari.HikariDataSource       : HikariPool-1 - Shutdown completed.
2025-08-08T14:16:08.957+05:30  INFO 21804 --- [quizapp] [restartedMain] com.example.QuizappApplication           : Starting QuizappApplication using Java 21.0.7 with PID 21804 (C:\Users\ajaym\Documents\workspace-spring-tools-for-eclipse-4.31.0.RELEASE\quizapp\target\classes started by ajaym in C:\Users\ajaym\Documents\workspace-spring-tools-for-eclipse-4.31.0.RELEASE\quizapp)
2025-08-08T14:16:08.958+05:30  INFO 21804 --- [quizapp] [restartedMain] com.example.QuizappApplication           : No active profile set, falling back to 1 default profile: "default"
2025-08-08T14:16:09.262+05:30  INFO 21804 --- [quizapp] [restartedMain] .s.d.r.c.RepositoryConfigurationDelegate : Bootstrapping Spring Data JPA repositories in DEFAULT mode.
2025-08-08T14:16:09.281+05:30  INFO 21804 --- [quizapp] [restartedMain] .s.d.r.c.RepositoryConfigurationDelegate : Finished Spring Data repository scanning in 18 ms. Found 1 JPA repository interface.
2025-08-08T14:16:09.477+05:30  INFO 21804 --- [quizapp] [restartedMain] o.s.b.w.embedded.tomcat.TomcatWebServer  : Tomcat initialized with port 8080 (http)
2025-08-08T14:16:09.479+05:30  INFO 21804 --- [quizapp] [restartedMain] o.apache.catalina.core.StandardService   : Starting service [Tomcat]
2025-08-08T14:16:09.479+05:30  INFO 21804 --- [quizapp] [restartedMain] o.apache.catalina.core.StandardEngine    : Starting Servlet engine: [Apache Tomcat/10.1.43]
2025-08-08T14:16:09.518+05:30  INFO 21804 --- [quizapp] [restartedMain] o.a.c.c.C.[Tomcat].[localhost].[/]       : Initializing Spring embedded WebApplicationContext
2025-08-08T14:16:09.519+05:30  INFO 21804 --- [quizapp] [restartedMain] w.s.c.ServletWebServerApplicationContext : Root WebApplicationContext: initialization completed in 558 ms
2025-08-08T14:16:09.630+05:30  INFO 21804 --- [quizapp] [restartedMain] o.hibernate.jpa.internal.util.LogHelper  : HHH000204: Processing PersistenceUnitInfo [name: default]
2025-08-08T14:16:09.636+05:30  INFO 21804 --- [quizapp] [restartedMain] o.h.c.internal.RegionFactoryInitiator    : HHH000026: Second-level cache disabled
2025-08-08T14:16:09.648+05:30  INFO 21804 --- [quizapp] [restartedMain] o.s.o.j.p.SpringPersistenceUnitInfo      : No LoadTimeWeaver setup: ignoring JPA class transformer
2025-08-08T14:16:09.650+05:30  INFO 21804 --- [quizapp] [restartedMain] com.zaxxer.hikari.HikariDataSource       : HikariPool-3 - Starting...
2025-08-08T14:16:09.655+05:30  INFO 21804 --- [quizapp] [restartedMain] com.zaxxer.hikari.pool.HikariPool        : HikariPool-3 - Added connection conn20: url=jdbc:h2:mem:testdb user=SA
2025-08-08T14:16:09.655+05:30  INFO 21804 --- [quizapp] [restartedMain] com.zaxxer.hikari.HikariDataSource       : HikariPool-3 - Start completed.
2025-08-08T14:16:09.657+05:30  INFO 21804 --- [quizapp] [restartedMain] org.hibernate.orm.connections.pooling    : HHH10001005: Database info:
	Database JDBC URL [Connecting through datasource 'HikariDataSource (HikariPool-3)']
	Database driver: undefined/unknown
	Database version: 2.3.232
	Autocommit mode: undefined/unknown
	Isolation level: undefined/unknown
	Minimum pool size: undefined/unknown
	Maximum pool size: undefined/unknown
2025-08-08T14:16:09.712+05:30  INFO 21804 --- [quizapp] [restartedMain] o.h.e.t.j.p.i.JtaPlatformInitiator       : HHH000489: No JTA platform available (set 'hibernate.transaction.jta.platform' to enable JTA platform integration)
2025-08-08T14:16:09.717+05:30  INFO 21804 --- [quizapp] [restartedMain] j.LocalContainerEntityManagerFactoryBean : Initialized JPA EntityManagerFactory for persistence unit 'default'
2025-08-08T14:16:10.119+05:30  INFO 21804 --- [quizapp] [restartedMain] o.s.b.a.h2.H2ConsoleAutoConfiguration    : H2 console available at '/h2-console'. Database available at 'jdbc:h2:mem:testdb'
2025-08-08T14:16:10.208+05:30  INFO 21804 --- [quizapp] [restartedMain] o.s.b.d.a.OptionalLiveReloadServer       : LiveReload server is running on port 35729
2025-08-08T14:16:10.231+05:30  INFO 21804 --- [quizapp] [restartedMain] o.s.b.w.embedded.tomcat.TomcatWebServer  : Tomcat started on port 8080 (http) with context path '/'
2025-08-08T14:16:10.235+05:30  INFO 21804 --- [quizapp] [restartedMain] com.example.QuizappApplication           : Started QuizappApplication in 1.316 seconds (process running for 58.298)
2025-08-08T14:16:10.238+05:30  INFO 21804 --- [quizapp] [restartedMain] .ConditionEvaluationDeltaLoggingListener : Condition evaluation unchanged
2025-08-08T14:16:12.860+05:30  INFO 21804 --- [quizapp] [RMI TCP Connection(2)-127.0.0.1] inMXBeanRegistrar$SpringApplicationAdmin : Application shutdown requested.
2025-08-08T14:16:12.862+05:30  INFO 21804 --- [quizapp] [RMI TCP Connection(2)-127.0.0.1] o.s.b.w.e.tomcat.GracefulShutdown        : Commencing graceful shutdown. Waiting for active requests to complete
2025-08-08T14:16:12.871+05:30  INFO 21804 --- [quizapp] [tomcat-shutdown] o.s.b.w.e.tomcat.GracefulShutdown        : Graceful shutdown complete
2025-08-08T14:16:12.874+05:30  INFO 21804 --- [quizapp] [RMI TCP Connection(2)-127.0.0.1] j.LocalContainerEntityManagerFactoryBean : Closing JPA EntityManagerFactory for persistence unit 'default'
2025-08-08T14:16:12.876+05:30  WARN 21804 --- [quizapp] [RMI TCP Connection(2)-127.0.0.1] o.s.b.f.support.DisposableBeanAdapter    : Invocation of destroy method failed on bean with name 'inMemoryDatabaseShutdownExecutor': org.h2.jdbc.JdbcSQLNonTransientConnectionException: Database is already closed (to disable automatic closing at VM shutdown, add ";DB_CLOSE_ON_EXIT=FALSE" to the db URL) [90121-232]
2025-08-08T14:16:12.877+05:30  INFO 21804 --- [quizapp] [RMI TCP Connection(2)-127.0.0.1] com.zaxxer.hikari.HikariDataSource       : HikariPool-3 - Shutdown initiated...
2025-08-08T14:16:12.880+05:30  INFO 21804 --- [quizapp] [RMI TCP Connection(2)-127.0.0.1] com.zaxxer.hikari.HikariDataSource       : HikariPool-3 - Shutdown completed.
2025-08-08T14:17:04.804+05:30  INFO 17404 --- [quizapp] [restartedMain] com.example.QuizappApplication           : Starting QuizappApplication using Java 21.0.7 with PID 17404 (C:\Users\ajaym\Documents\workspace-spring-tools-for-eclipse-4.31.0.RELEASE\quizapp\target\classes started by ajaym in C:\Users\ajaym\Documents\workspace-spring-tools-for-eclipse-4.31.0.RELEASE\quizapp)
2025-08-08T14:17:04.808+05:30  INFO 17404 --- [quizapp] [restartedMain] com.example.QuizappApplication           : No active profile set, falling back to 1 default profile: "default"
2025-08-08T14:17:04.891+05:30  INFO 17404 --- [quizapp] [restartedMain] .e.DevToolsPropertyDefaultsPostProcessor : Devtools property defaults active! Set 'spring.devtools.add-properties' to 'false' to disable
2025-08-08T14:17:04.892+05:30  INFO 17404 --- [quizapp] [restartedMain] .e.DevToolsPropertyDefaultsPostProcessor : For additional web related logging consider setting the 'logging.level.web' property to 'DEBUG'
2025-08-08T14:17:06.336+05:30  INFO 17404 --- [quizapp] [restartedMain] .s.d.r.c.RepositoryConfigurationDelegate : Bootstrapping Spring Data JPA repositories in DEFAULT mode.
2025-08-08T14:17:06.416+05:30  INFO 17404 --- [quizapp] [restartedMain] .s.d.r.c.RepositoryConfigurationDelegate : Finished Spring Data repository scanning in 67 ms. Found 1 JPA repository interface.
2025-08-08T14:17:07.264+05:30  INFO 17404 --- [quizapp] [restartedMain] o.s.b.w.embedded.tomcat.TomcatWebServer  : Tomcat initialized with port 8080 (http)
2025-08-08T14:17:07.294+05:30  INFO 17404 --- [quizapp] [restartedMain] o.apache.catalina.core.StandardService   : Starting service [Tomcat]
2025-08-08T14:17:07.294+05:30  INFO 17404 --- [quizapp] [restartedMain] o.apache.catalina.core.StandardEngine    : Starting Servlet engine: [Apache Tomcat/10.1.43]
2025-08-08T14:17:07.348+05:30  INFO 17404 --- [quizapp] [restartedMain] o.a.c.c.C.[Tomcat].[localhost].[/]       : Initializing Spring embedded WebApplicationContext
2025-08-08T14:17:07.349+05:30  INFO 17404 --- [quizapp] [restartedMain] w.s.c.ServletWebServerApplicationContext : Root WebApplicationContext: initialization completed in 2455 ms
2025-08-08T14:17:07.639+05:30  INFO 17404 --- [quizapp] [restartedMain] o.hibernate.jpa.internal.util.LogHelper  : HHH000204: Processing PersistenceUnitInfo [name: default]
2025-08-08T14:17:07.720+05:30  INFO 17404 --- [quizapp] [restartedMain] org.hibernate.Version                    : HHH000412: Hibernate ORM core version 6.6.22.Final
2025-08-08T14:17:07.761+05:30  INFO 17404 --- [quizapp] [restartedMain] o.h.c.internal.RegionFactoryInitiator    : HHH000026: Second-level cache disabled
2025-08-08T14:17:08.142+05:30  INFO 17404 --- [quizapp] [restartedMain] o.s.o.j.p.SpringPersistenceUnitInfo      : No LoadTimeWeaver setup: ignoring JPA class transformer
2025-08-08T14:17:08.183+05:30  INFO 17404 --- [quizapp] [restartedMain] com.zaxxer.hikari.HikariDataSource       : HikariPool-1 - Starting...
2025-08-08T14:17:08.396+05:30  INFO 17404 --- [quizapp] [restartedMain] com.zaxxer.hikari.pool.HikariPool        : HikariPool-1 - Added connection conn0: url=jdbc:h2:mem:testdb user=SA
2025-08-08T14:17:08.399+05:30  INFO 17404 --- [quizapp] [restartedMain] com.zaxxer.hikari.HikariDataSource       : HikariPool-1 - Start completed.
2025-08-08T14:17:08.473+05:30  INFO 17404 --- [quizapp] [restartedMain] org.hibernate.orm.connections.pooling    : HHH10001005: Database info:
	Database JDBC URL [Connecting through datasource 'HikariDataSource (HikariPool-1)']
	Database driver: undefined/unknown
	Database version: 2.3.232
	Autocommit mode: undefined/unknown
	Isolation level: undefined/unknown
	Minimum pool size: undefined/unknown
	Maximum pool size: undefined/unknown
2025-08-08T14:17:09.531+05:30  INFO 17404 --- [quizapp] [restartedMain] o.h.e.t.j.p.i.JtaPlatformInitiator       : HHH000489: No JTA platform available (set 'hibernate.transaction.jta.platform' to enable JTA platform integration)
2025-08-08T14:17:09.607+05:30  INFO 17404 --- [quizapp] [restartedMain] j.LocalContainerEntityManagerFactoryBean : Initialized JPA EntityManagerFactory for persistence unit 'default'
2025-08-08T14:17:10.674+05:30  INFO 17404 --- [quizapp] [restartedMain] o.s.b.a.h2.H2ConsoleAutoConfiguration    : H2 console available at '/h2-console'. Database available at 'jdbc:h2:mem:testdb'
2025-08-08T14:17:10.833+05:30  INFO 17404 --- [quizapp] [restartedMain] o.s.b.d.a.OptionalLiveReloadServer       : LiveReload server is running on port 35729
2025-08-08T14:17:10.887+05:30  INFO 17404 --- [quizapp] [restartedMain] o.s.b.w.embedded.tomcat.TomcatWebServer  : Tomcat started on port 8080 (http) with context path '/'
2025-08-08T14:17:10.898+05:30  INFO 17404 --- [quizapp] [restartedMain] com.example.QuizappApplication           : Started QuizappApplication in 7.053 seconds (process running for 8.924)
2025-08-08T14:19:55.478+05:30  INFO 17404 --- [quizapp] [http-nio-8080-exec-3] o.a.c.c.C.[Tomcat].[localhost].[/]       : Initializing Spring DispatcherServlet 'dispatcherServlet'
2025-08-08T14:19:55.487+05:30  INFO 17404 --- [quizapp] [http-nio-8080-exec-3] o.s.web.servlet.DispatcherServlet        : Initializing Servlet 'dispatcherServlet'
2025-08-08T14:19:55.512+05:30  INFO 17404 --- [quizapp] [http-nio-8080-exec-3] o.s.web.servlet.DispatcherServlet        : Completed initialization in 25 ms
2025-08-08T14:19:55.904+05:30  WARN 17404 --- [quizapp] [http-nio-8080-exec-3] .m.m.a.ExceptionHandlerExceptionResolver : Resolved [org.springframework.web.servlet.resource.NoResourceFoundException: No static resource test-exception.]
2025-08-08T14:20:12.793+05:30  WARN 17404 --- [quizapp] [http-nio-8080-exec-9] .m.m.a.ExceptionHandlerExceptionResolver : Resolved [org.springframework.web.servlet.resource.NoResourceFoundException: No static resource schools/2.]
2025-08-08T14:21:27.941+05:30  WARN 17404 --- [quizapp] [http-nio-8080-exec-8] .m.m.a.ExceptionHandlerExceptionResolver : Resolved [org.springframework.web.servlet.resource.NoResourceFoundException: No static resource test-exception.]
2025-08-08T14:21:35.383+05:30  WARN 17404 --- [quizapp] [http-nio-8080-exec-4] .m.m.a.ExceptionHandlerExceptionResolver : Resolved [org.springframework.web.servlet.resource.NoResourceFoundException: No static resource test-exception.]
2025-08-08T14:28:16.007+05:30  WARN 17404 --- [quizapp] [http-nio-8080-exec-7] .m.m.a.ExceptionHandlerExceptionResolver : Resolved [org.springframework.web.servlet.resource.NoResourceFoundException: No static resource questions.]
2025-08-08T14:29:59.110+05:30  INFO 17404 --- [quizapp] [http-nio-8080-exec-10] c.example.quizapp.aspect.LoggingAspect   : START: ResponseEntity com.example.quizapp.controller.QuestionController.createQuestion(Question) at 2025-08-08T14:29:59.110487200 | Args: [com.example.quizapp.entity.Question@79ea8b85]
2025-08-08T14:29:59.308+05:30  INFO 17404 --- [quizapp] [http-nio-8080-exec-10] c.example.quizapp.aspect.LoggingAspect   : END: ResponseEntity com.example.quizapp.controller.QuestionController.createQuestion(Question) at 2025-08-08T14:29:59.308916400 | Response: <200 OK OK,com.example.quizapp.entity.Question@79ea8b85,[]>
2025-08-08T14:39:15.307+05:30  WARN 17404 --- [quizapp] [http-nio-8080-exec-2] .m.m.a.ExceptionHandlerExceptionResolver : Resolved [org.springframework.web.servlet.resource.NoResourceFoundException: No static resource questions/1.]
2025-08-08T14:39:32.918+05:30  WARN 17404 --- [quizapp] [http-nio-8080-exec-5] .m.m.a.ExceptionHandlerExceptionResolver : Resolved [org.springframework.web.servlet.resource.NoResourceFoundException: No static resource questions/1.]
2025-08-08T14:40:22.634+05:30  WARN 17404 --- [quizapp] [http-nio-8080-exec-7] .m.m.a.ExceptionHandlerExceptionResolver : Resolved [org.springframework.web.servlet.resource.NoResourceFoundException: No static resource questions/1.]
2025-08-08T14:41:51.214+05:30  WARN 17404 --- [quizapp] [http-nio-8080-exec-4] .m.m.a.ExceptionHandlerExceptionResolver : Resolved [org.springframework.web.servlet.resource.NoResourceFoundException: No static resource questions/1.]
2025-08-08T14:54:06.816+05:30  INFO 17404 --- [quizapp] [RMI TCP Connection(2)-127.0.0.1] inMXBeanRegistrar$SpringApplicationAdmin : Application shutdown requested.
2025-08-08T14:54:06.864+05:30  INFO 17404 --- [quizapp] [RMI TCP Connection(2)-127.0.0.1] o.s.b.w.e.tomcat.GracefulShutdown        : Commencing graceful shutdown. Waiting for active requests to complete
2025-08-08T14:54:06.894+05:30  INFO 17404 --- [quizapp] [tomcat-shutdown] o.s.b.w.e.tomcat.GracefulShutdown        : Graceful shutdown complete
2025-08-08T14:54:06.919+05:30  INFO 17404 --- [quizapp] [RMI TCP Connection(2)-127.0.0.1] j.LocalContainerEntityManagerFactoryBean : Closing JPA EntityManagerFactory for persistence unit 'default'
2025-08-08T14:54:06.975+05:30  WARN 17404 --- [quizapp] [RMI TCP Connection(2)-127.0.0.1] o.s.b.f.support.DisposableBeanAdapter    : Invocation of destroy method failed on bean with name 'inMemoryDatabaseShutdownExecutor': org.h2.jdbc.JdbcSQLNonTransientConnectionException: Database is already closed (to disable automatic closing at VM shutdown, add ";DB_CLOSE_ON_EXIT=FALSE" to the db URL) [90121-232]
2025-08-08T14:54:06.976+05:30  INFO 17404 --- [quizapp] [RMI TCP Connection(2)-127.0.0.1] com.zaxxer.hikari.HikariDataSource       : HikariPool-1 - Shutdown initiated...
2025-08-08T14:54:06.985+05:30  INFO 17404 --- [quizapp] [RMI TCP Connection(2)-127.0.0.1] com.zaxxer.hikari.HikariDataSource       : HikariPool-1 - Shutdown completed.
